<?xml version="1.0" encoding="UTF-8"?>
<!-- Generated by org.testng.reporters.JUnitXMLReporter -->
<testsuite ignored="0" hostname="DESKTOP-GOTDN6L" failures="0" tests="3" name="Default test" time="31.473" errors="0" timestamp="2021-12-03T13:13:50 IST">
  <testcase classname="com.silenium.datadriven.FD_DataProvider" name="f" time="11.135"/>
  <testcase classname="com.silenium.datadriven.FD_DataProvider" name="f" time="7.409"/>
  <testcase classname="com.silenium.datadriven.FD_DataProvider" name="f" time="7.238"/>
</testsuite> <!-- Default test -->
