<?xml version="1.0" encoding="UTF-8"?>
<testsuite xmlns:xsi="http://www.w3.org/2001/XMLSchema-instance" xsi:schemaLocation="https://maven.apache.org/surefire/maven-surefire-plugin/xsd/surefire-test-report.xsd" name="TestSuite" time="116.892" tests="6" errors="0" skipped="0" failures="1">
  <properties>
[...]
</properties>
  <testcase name="loginAdmin" classname="com.selenium.testng.LoginTestCase" time="10.181"/>
  <testcase name="loginTestUser" classname="com.selenium.testng.LoginTestCase" time="6.372"/>
  <testcase name="loginSpeed" classname="com.selenium.testng.LoginTestCase" time="6.149"/>
  <testcase name="snapdealSearch" classname="com.selenium.testng.SearchSnapdeal" time="9.668"/>
  <testcase name="firefoxBrowser" classname="com.selenium.testng.BrowserCode" time="61.192"/>
  <testcase name="edgeBrowser" classname="com.selenium.testng.BrowserCode" time="30.717">
    <failure message="session not created: This version of MSEdgeDriver only supports MSEdge version 94&#10;Current browser version is 96.0.1054.43 with binary path C:\Program Files (x86)\Microsoft\Edge\Application\msedge.exe&#10;Build info: version: &apos;3.141.59&apos;, revision: &apos;e82be7d358&apos;, time: &apos;2018-11-14T08:17:03&apos;&#10;System info: host: &apos;DESKTOP-GOTDN6L&apos;, ip: &apos;192.168.31.206&apos;, os.name: &apos;Windows 10&apos;, os.arch: &apos;amd64&apos;, os.version: &apos;10.0&apos;, java.version: &apos;15.0.1&apos;&#10;Driver info: driver.version: EdgeDriver&#10;remote stacktrace: Backtrace:&#10;	Microsoft::Applications::Events::EventProperties::SetName [0x00007FF6CFAC3202+11666]&#10;	Microsoft::Applications::Events::EventProperty::to_string [0x00007FF6CF6F91D3+943811]&#10;	Microsoft::Applications::Events::EventProperty::to_string [0x00007FF6CF72395D+1117773]&#10;	Microsoft::Applications::Events::EventProperty::to_string [0x00007FF6CF72009D+1103245]&#10;	Microsoft::Applications::Events::EventProperty::to_string [0x00007FF6CF719296+1075078]&#10;	Microsoft::Applications::Events::EventProperty::to_string [0x00007FF6CF754420+1317136]&#10;	Microsoft::Applications::Events::EventProperty::to_string [0x00007FF6CF74F61F+1297167]&#10;	Microsoft::Applications::Events::EventProperty::to_string [0x00007FF6CF72577F+1125487]&#10;	Microsoft::Applications::Events::EventProperty::to_string [0x00007FF6CF72688F+1129855]&#10;	Microsoft::Applications::Events::EventProperty::~EventProperty [0x00007FF6CF7DE9CD+17933]&#10;	Microsoft::Applications::Events::EventProperty::to_string [0x00007FF6CF78DB41+1552433]&#10;	Microsoft::Applications::Events::EventProperty::EventProperty [0x00007FF6CF991729+2633]&#10;	Microsoft::Applications::Events::EventProperty::to_string [0x00007FF6CF78EBC9+1556665]&#10;	Microsoft::Applications::Events::EventProperties::SetName [0x00007FF6CFAC3AC8+13912]&#10;	Microsoft::Applications::Events::EventProperties::SetName [0x00007FF6CFAC3534+12484]&#10;	Microsoft::Applications::Events::EventProperties::SetName [0x00007FF6CFAC3386+12054]&#10;	Microsoft::Applications::Events::EventProperty::EventProperty [0x00007FF6CFA6465C+73452]&#10;	BaseThreadInitThunk [0x00007FFBEC5F7034+20]&#10;	RtlUserThreadStart [0x00007FFBED202651+33]&#10;" type="org.openqa.selenium.SessionNotCreatedException">org.openqa.selenium.SessionNotCreatedException: 
session not created: This version of MSEdgeDriver only supports MSEdge version 94
Current browser version is 96.0.1054.43 with binary path C:\Program Files (x86)\Microsoft\Edge\Application\msedge.exe
Build info: version: '3.141.59', revision: 'e82be7d358', time: '2018-11-14T08:17:03'
System info: host: 'DESKTOP-GOTDN6L', ip: '192.168.31.206', os.name: 'Windows 10', os.arch: 'amd64', os.version: '10.0', java.version: '15.0.1'
Driver info: driver.version: EdgeDriver
remote stacktrace: Backtrace:
	Microsoft::Applications::Events::EventProperties::SetName [0x00007FF6CFAC3202+11666]
	Microsoft::Applications::Events::EventProperty::to_string [0x00007FF6CF6F91D3+943811]
	Microsoft::Applications::Events::EventProperty::to_string [0x00007FF6CF72395D+1117773]
	Microsoft::Applications::Events::EventProperty::to_string [0x00007FF6CF72009D+1103245]
	Microsoft::Applications::Events::EventProperty::to_string [0x00007FF6CF719296+1075078]
	Microsoft::Applications::Events::EventProperty::to_string [0x00007FF6CF754420+1317136]
	Microsoft::Applications::Events::EventProperty::to_string [0x00007FF6CF74F61F+1297167]
	Microsoft::Applications::Events::EventProperty::to_string [0x00007FF6CF72577F+1125487]
	Microsoft::Applications::Events::EventProperty::to_string [0x00007FF6CF72688F+1129855]
	Microsoft::Applications::Events::EventProperty::~EventProperty [0x00007FF6CF7DE9CD+17933]
	Microsoft::Applications::Events::EventProperty::to_string [0x00007FF6CF78DB41+1552433]
	Microsoft::Applications::Events::EventProperty::EventProperty [0x00007FF6CF991729+2633]
	Microsoft::Applications::Events::EventProperty::to_string [0x00007FF6CF78EBC9+1556665]
	Microsoft::Applications::Events::EventProperties::SetName [0x00007FF6CFAC3AC8+13912]
	Microsoft::Applications::Events::EventProperties::SetName [0x00007FF6CFAC3534+12484]
	Microsoft::Applications::Events::EventProperties::SetName [0x00007FF6CFAC3386+12054]
	Microsoft::Applications::Events::EventProperty::EventProperty [0x00007FF6CFA6465C+73452]
	BaseThreadInitThunk [0x00007FFBEC5F7034+20]
	RtlUserThreadStart [0x00007FFBED202651+33]

	at com.selenium.testng.BrowserCode.edgeBrowser(BrowserCode.java:44)
</failure>
    <system-out><![CDATA[C:\Users\Sandeep\Desktop\Kavita\kavita_selenium_course\selenium-project
]]></system-out>
    <system-err><![CDATA[Starting MSEdgeDriver 94.0.992.50 (80a49a71b4e2d00a1499ea10b608fe26bb6f41e7) on port 28200
Only local connections are allowed.
Please see https://chromedriver.chromium.org/security-considerations for suggestions on keeping MSEdgeDriver safe.
MSEdgeDriver was started successfully.
]]></system-err>
  </testcase>
</testsuite>