<?xml version="1.0" encoding="UTF-8"?>
<testng-results ignored="0" total="6" passed="5" failed="1" skipped="0">
  <reporter-output>
  </reporter-output>
  <suite started-at="2021-12-04T12:27:00 IST" name="RegressionSuite" finished-at="2021-12-04T12:28:56 IST" duration-ms="115675">
    <groups>
      <group name="Login">
        <method signature="LoginTestCase.loginAdmin()[pri:0, instance:com.selenium.testng.LoginTestCase@123f1134]" name="loginAdmin" class="com.selenium.testng.LoginTestCase"/>
      </group> <!-- Login -->
    </groups>
    <test started-at="2021-12-04T12:27:00 IST" name="Tc 01-Login Test" finished-at="2021-12-04T12:27:33 IST" duration-ms="32565">
      <class name="com.selenium.testng.LoginTestCase">
        <test-method is-config="true" signature="beforeTest()[pri:0, instance:com.selenium.testng.LoginTestCase@123f1134]" started-at="2021-12-04T12:27:00 IST" name="beforeTest" finished-at="2021-12-04T12:27:03 IST" duration-ms="3468" status="PASS">
          <reporter-output>
          </reporter-output>
        </test-method> <!-- beforeTest -->
        <test-method signature="loginAdmin()[pri:0, instance:com.selenium.testng.LoginTestCase@123f1134]" started-at="2021-12-04T12:27:04 IST" name="loginAdmin" description="Test case to verify &#039;admin&#039; login functionality" finished-at="2021-12-04T12:27:17 IST" duration-ms="13797" status="PASS">
          <reporter-output>
          </reporter-output>
        </test-method> <!-- loginAdmin -->
        <test-method signature="loginTestUser()[pri:1, instance:com.selenium.testng.LoginTestCase@123f1134]" started-at="2021-12-04T12:27:17 IST" name="loginTestUser" description="Test case to verify &#039;tuser&#039; login functionality" finished-at="2021-12-04T12:27:24 IST" depends-on-methods="com.selenium.testng.LoginTestCase.loginAdmin" duration-ms="6371" status="PASS">
          <reporter-output>
          </reporter-output>
        </test-method> <!-- loginTestUser -->
        <test-method signature="loginSpeed()[pri:2, instance:com.selenium.testng.LoginTestCase@123f1134]" started-at="2021-12-04T12:27:24 IST" name="loginSpeed" description="Test case to verify &#039;sspeed&#039; login functionality" finished-at="2021-12-04T12:27:30 IST" depends-on-methods="com.selenium.testng.LoginTestCase.loginAdmin" duration-ms="6148" status="PASS">
          <reporter-output>
          </reporter-output>
        </test-method> <!-- loginSpeed -->
        <test-method is-config="true" signature="afterTest()[pri:0, instance:com.selenium.testng.LoginTestCase@123f1134]" started-at="2021-12-04T12:27:30 IST" name="afterTest" finished-at="2021-12-04T12:27:33 IST" duration-ms="2647" status="PASS">
          <reporter-output>
          </reporter-output>
        </test-method> <!-- afterTest -->
      </class> <!-- com.selenium.testng.LoginTestCase -->
    </test> <!-- Tc 01-Login Test -->
    <test started-at="2021-12-04T12:27:00 IST" name="Tc 02-Snapdeal Test" finished-at="2021-12-04T12:27:36 IST" duration-ms="36139">
      <class name="com.selenium.testng.SearchSnapdeal">
        <test-method is-config="true" signature="beforeTest()[pri:0, instance:com.selenium.testng.SearchSnapdeal@5e4c8041]" started-at="2021-12-04T12:27:00 IST" name="beforeTest" finished-at="2021-12-04T12:27:04 IST" duration-ms="4039" status="PASS">
          <reporter-output>
          </reporter-output>
        </test-method> <!-- beforeTest -->
        <test-method signature="snapdealSearch()[pri:0, instance:com.selenium.testng.SearchSnapdeal@5e4c8041]" started-at="2021-12-04T12:27:04 IST" name="snapdealSearch" description="Search Snapdeal in search button" finished-at="2021-12-04T12:27:33 IST" duration-ms="29389" status="PASS">
          <reporter-output>
          </reporter-output>
        </test-method> <!-- snapdealSearch -->
        <test-method is-config="true" signature="afterTest()[pri:0, instance:com.selenium.testng.SearchSnapdeal@5e4c8041]" started-at="2021-12-04T12:27:33 IST" name="afterTest" finished-at="2021-12-04T12:27:36 IST" duration-ms="2703" status="PASS">
          <reporter-output>
          </reporter-output>
        </test-method> <!-- afterTest -->
      </class> <!-- com.selenium.testng.SearchSnapdeal -->
    </test> <!-- Tc 02-Snapdeal Test -->
    <test started-at="2021-12-04T12:27:00 IST" name="Tc 03-Browser code" finished-at="2021-12-04T12:28:56 IST" duration-ms="115675">
      <class name="com.selenium.testng.BrowserCode">
        <test-method is-config="true" signature="beforeTest()[pri:0, instance:com.selenium.testng.BrowserCode@a4102b8]" started-at="2021-12-04T12:27:00 IST" name="beforeTest" finished-at="2021-12-04T12:27:07 IST" duration-ms="7203" status="PASS">
          <reporter-output>
          </reporter-output>
        </test-method> <!-- beforeTest -->
        <test-method signature="firefoxBrowser()[pri:0, instance:com.selenium.testng.BrowserCode@a4102b8]" started-at="2021-12-04T12:27:07 IST" name="firefoxBrowser" description="Test firefox browser" finished-at="2021-12-04T12:28:25 IST" duration-ms="77751" status="PASS">
          <reporter-output>
          </reporter-output>
        </test-method> <!-- firefoxBrowser -->
        <test-method signature="edgeBrowser()[pri:1, instance:com.selenium.testng.BrowserCode@a4102b8]" started-at="2021-12-04T12:28:25 IST" name="edgeBrowser" description="Test edge browser" finished-at="2021-12-04T12:28:56 IST" duration-ms="30703" status="FAIL">
          <exception class="org.openqa.selenium.SessionNotCreatedException">
            <message>
              <![CDATA[session not created: This version of MSEdgeDriver only supports MSEdge version 94
Current browser version is 96.0.1054.43 with binary path C:\Program Files (x86)\Microsoft\Edge\Application\msedge.exe
Build info: version: '3.141.59', revision: 'e82be7d358', time: '2018-11-14T08:17:03'
System info: host: 'DESKTOP-GOTDN6L', ip: '192.168.31.206', os.name: 'Windows 10', os.arch: 'amd64', os.version: '10.0', java.version: '15.0.1'
Driver info: driver.version: EdgeDriver
remote stacktrace: Backtrace:
Microsoft::Applications::Events::EventProperties::SetName [0x00007FF6CFAC3202+11666]
Microsoft::Applications::Events::EventProperty::to_string [0x00007FF6CF6F91D3+943811]
Microsoft::Applications::Events::EventProperty::to_string [0x00007FF6CF72395D+1117773]
Microsoft::Applications::Events::EventProperty::to_string [0x00007FF6CF72009D+1103245]
Microsoft::Applications::Events::EventProperty::to_string [0x00007FF6CF719296+1075078]
Microsoft::Applications::Events::EventProperty::to_string [0x00007FF6CF754420+1317136]
Microsoft::Applications::Events::EventProperty::to_string [0x00007FF6CF74F61F+1297167]
Microsoft::Applications::Events::EventProperty::to_string [0x00007FF6CF72577F+1125487]
Microsoft::Applications::Events::EventProperty::to_string [0x00007FF6CF72688F+1129855]
Microsoft::Applications::Events::EventProperty::~EventProperty [0x00007FF6CF7DE9CD+17933]
Microsoft::Applications::Events::EventProperty::to_string [0x00007FF6CF78DB41+1552433]
Microsoft::Applications::Events::EventProperty::EventProperty [0x00007FF6CF991729+2633]
Microsoft::Applications::Events::EventProperty::to_string [0x00007FF6CF78EBC9+1556665]
Microsoft::Applications::Events::EventProperties::SetName [0x00007FF6CFAC3AC8+13912]
Microsoft::Applications::Events::EventProperties::SetName [0x00007FF6CFAC3534+12484]
Microsoft::Applications::Events::EventProperties::SetName [0x00007FF6CFAC3386+12054]
Microsoft::Applications::Events::EventProperty::EventProperty [0x00007FF6CFA6465C+73452]
BaseThreadInitThunk [0x00007FFBEC5F7034+20]
RtlUserThreadStart [0x00007FFBED202651+33]
]]>
            </message>
            <full-stacktrace>
              <![CDATA[org.openqa.selenium.SessionNotCreatedException: session not created: This version of MSEdgeDriver only supports MSEdge version 94
Current browser version is 96.0.1054.43 with binary path C:\Program Files (x86)\Microsoft\Edge\Application\msedge.exe
Build info: version: '3.141.59', revision: 'e82be7d358', time: '2018-11-14T08:17:03'
System info: host: 'DESKTOP-GOTDN6L', ip: '192.168.31.206', os.name: 'Windows 10', os.arch: 'amd64', os.version: '10.0', java.version: '15.0.1'
Driver info: driver.version: EdgeDriver
remote stacktrace: Backtrace:
Microsoft::Applications::Events::EventProperties::SetName [0x00007FF6CFAC3202+11666]
Microsoft::Applications::Events::EventProperty::to_string [0x00007FF6CF6F91D3+943811]
Microsoft::Applications::Events::EventProperty::to_string [0x00007FF6CF72395D+1117773]
Microsoft::Applications::Events::EventProperty::to_string [0x00007FF6CF72009D+1103245]
Microsoft::Applications::Events::EventProperty::to_string [0x00007FF6CF719296+1075078]
Microsoft::Applications::Events::EventProperty::to_string [0x00007FF6CF754420+1317136]
Microsoft::Applications::Events::EventProperty::to_string [0x00007FF6CF74F61F+1297167]
Microsoft::Applications::Events::EventProperty::to_string [0x00007FF6CF72577F+1125487]
Microsoft::Applications::Events::EventProperty::to_string [0x00007FF6CF72688F+1129855]
Microsoft::Applications::Events::EventProperty::~EventProperty [0x00007FF6CF7DE9CD+17933]
Microsoft::Applications::Events::EventProperty::to_string [0x00007FF6CF78DB41+1552433]
Microsoft::Applications::Events::EventProperty::EventProperty [0x00007FF6CF991729+2633]
Microsoft::Applications::Events::EventProperty::to_string [0x00007FF6CF78EBC9+1556665]
Microsoft::Applications::Events::EventProperties::SetName [0x00007FF6CFAC3AC8+13912]
Microsoft::Applications::Events::EventProperties::SetName [0x00007FF6CFAC3534+12484]
Microsoft::Applications::Events::EventProperties::SetName [0x00007FF6CFAC3386+12054]
Microsoft::Applications::Events::EventProperty::EventProperty [0x00007FF6CFA6465C+73452]
BaseThreadInitThunk [0x00007FFBEC5F7034+20]
RtlUserThreadStart [0x00007FFBED202651+33]

at java.base/jdk.internal.reflect.NativeConstructorAccessorImpl.newInstance0(Native Method)
at java.base/jdk.internal.reflect.NativeConstructorAccessorImpl.newInstance(NativeConstructorAccessorImpl.java:64)
at java.base/jdk.internal.reflect.DelegatingConstructorAccessorImpl.newInstance(DelegatingConstructorAccessorImpl.java:45)
at java.base/java.lang.reflect.Constructor.newInstanceWithCaller(Constructor.java:500)
at java.base/java.lang.reflect.Constructor.newInstance(Constructor.java:481)
at org.openqa.selenium.remote.W3CHandshakeResponse.lambda$errorHandler$0(W3CHandshakeResponse.java:62)
at org.openqa.selenium.remote.HandshakeResponse.lambda$getResponseFunction$0(HandshakeResponse.java:30)
at org.openqa.selenium.remote.ProtocolHandshake.lambda$createSession$0(ProtocolHandshake.java:126)
at java.base/java.util.stream.ReferencePipeline$3$1.accept(ReferencePipeline.java:195)
at java.base/java.util.Spliterators$ArraySpliterator.tryAdvance(Spliterators.java:958)
at java.base/java.util.stream.ReferencePipeline.forEachWithCancel(ReferencePipeline.java:127)
at java.base/java.util.stream.AbstractPipeline.copyIntoWithCancel(AbstractPipeline.java:502)
at java.base/java.util.stream.AbstractPipeline.copyInto(AbstractPipeline.java:488)
at java.base/java.util.stream.AbstractPipeline.wrapAndCopyInto(AbstractPipeline.java:474)
at java.base/java.util.stream.FindOps$FindOp.evaluateSequential(FindOps.java:150)
at java.base/java.util.stream.AbstractPipeline.evaluate(AbstractPipeline.java:234)
at java.base/java.util.stream.ReferencePipeline.findFirst(ReferencePipeline.java:543)
at org.openqa.selenium.remote.ProtocolHandshake.createSession(ProtocolHandshake.java:128)
at org.openqa.selenium.remote.ProtocolHandshake.createSession(ProtocolHandshake.java:74)
at org.openqa.selenium.remote.HttpCommandExecutor.execute(HttpCommandExecutor.java:136)
at org.openqa.selenium.remote.service.DriverCommandExecutor.execute(DriverCommandExecutor.java:83)
at org.openqa.selenium.remote.RemoteWebDriver.execute(RemoteWebDriver.java:552)
at org.openqa.selenium.remote.RemoteWebDriver.startSession(RemoteWebDriver.java:213)
at org.openqa.selenium.remote.RemoteWebDriver.<init>(RemoteWebDriver.java:131)
at org.openqa.selenium.edge.EdgeDriver.<init>(EdgeDriver.java:141)
at org.openqa.selenium.edge.EdgeDriver.<init>(EdgeDriver.java:96)
at com.selenium.testng.BrowserCode.edgeBrowser(BrowserCode.java:44)
at java.base/jdk.internal.reflect.NativeMethodAccessorImpl.invoke0(Native Method)
at java.base/jdk.internal.reflect.NativeMethodAccessorImpl.invoke(NativeMethodAccessorImpl.java:64)
at java.base/jdk.internal.reflect.DelegatingMethodAccessorImpl.invoke(DelegatingMethodAccessorImpl.java:43)
at java.base/java.lang.reflect.Method.invoke(Method.java:564)
at org.testng.internal.MethodInvocationHelper.invokeMethod(MethodInvocationHelper.java:133)
at org.testng.internal.TestInvoker.invokeMethod(TestInvoker.java:598)
at org.testng.internal.TestInvoker.invokeTestMethod(TestInvoker.java:173)
at org.testng.internal.MethodRunner.runInSequence(MethodRunner.java:46)
at org.testng.internal.TestInvoker$MethodInvocationAgent.invoke(TestInvoker.java:824)
at org.testng.internal.TestInvoker.invokeTestMethods(TestInvoker.java:146)
at org.testng.internal.TestMethodWorker.invokeTestMethods(TestMethodWorker.java:146)
at org.testng.internal.TestMethodWorker.run(TestMethodWorker.java:128)
at java.base/java.util.ArrayList.forEach(ArrayList.java:1511)
at org.testng.TestRunner.privateRun(TestRunner.java:794)
at org.testng.TestRunner.run(TestRunner.java:596)
at org.testng.SuiteRunner.runTest(SuiteRunner.java:377)
at org.testng.SuiteRunner.access$000(SuiteRunner.java:28)
at org.testng.SuiteRunner$SuiteWorker.run(SuiteRunner.java:418)
at org.testng.internal.thread.ThreadUtil.lambda$execute$0(ThreadUtil.java:64)
at java.base/java.util.concurrent.FutureTask.run(FutureTask.java:264)
at java.base/java.util.concurrent.ThreadPoolExecutor.runWorker(ThreadPoolExecutor.java:1130)
at java.base/java.util.concurrent.ThreadPoolExecutor$Worker.run(ThreadPoolExecutor.java:630)
at java.base/java.lang.Thread.run(Thread.java:832)
]]>
            </full-stacktrace>
          </exception> <!-- org.openqa.selenium.SessionNotCreatedException -->
          <reporter-output>
          </reporter-output>
        </test-method> <!-- edgeBrowser -->
        <test-method is-config="true" signature="afterTest()[pri:0, instance:com.selenium.testng.BrowserCode@a4102b8]" started-at="2021-12-04T12:28:56 IST" name="afterTest" finished-at="2021-12-04T12:28:56 IST" duration-ms="0" status="PASS">
          <reporter-output>
          </reporter-output>
        </test-method> <!-- afterTest -->
      </class> <!-- com.selenium.testng.BrowserCode -->
    </test> <!-- Tc 03-Browser code -->
  </suite> <!-- RegressionSuite -->
</testng-results>
