<?xml version="1.0" encoding="UTF-8"?>
<!-- Generated by org.testng.reporters.JUnitXMLReporter -->
<testsuite ignored="0" hostname="DESKTOP-GOTDN6L" failures="0" tests="3" name="Tc 01-Login Test" time="32.565" errors="0" timestamp="2021-12-04T12:27:33 IST">
  <testcase classname="com.selenium.testng.LoginTestCase" name="loginAdmin" time="13.797"/>
  <testcase classname="com.selenium.testng.LoginTestCase" name="loginTestUser" time="6.371"/>
  <testcase classname="com.selenium.testng.LoginTestCase" name="loginSpeed" time="6.148"/>
</testsuite> <!-- Tc 01-Login Test -->
