<?xml version="1.0" encoding="UTF-8"?>
<!-- Generated by org.testng.reporters.JUnitXMLReporter -->
<testsuite ignored="0" hostname="DESKTOP-GOTDN6L" failures="1" tests="2" name="Tc 03-Browser code" time="115.675" errors="0" timestamp="2021-12-04T12:28:56 IST">
  <testcase classname="com.selenium.testng.BrowserCode" name="firefoxBrowser" time="77.751"/>
  <testcase classname="com.selenium.testng.BrowserCode" name="edgeBrowser" time="30.703">
    <failure type="org.openqa.selenium.SessionNotCreatedException" message="session not created: This version of MSEdgeDriver only supports MSEdge version 94
Current browser version is 96.0.1054.43 with binary path C:\Program Files (x86)\Microsoft\Edge\Application\msedge.exe
Build info: version: &amp;apos;3.141.59&amp;apos;, revision: &amp;apos;e82be7d358&amp;apos;, time: &amp;apos;2018-11-14T08:17:03&amp;apos;
System info: host: &amp;apos;DESKTOP-GOTDN6L&amp;apos;, ip: &amp;apos;192.168.31.206&amp;apos;, os.name: &amp;apos;Windows 10&amp;apos;, os.arch: &amp;apos;amd64&amp;apos;, os.version: &amp;apos;10.0&amp;apos;, java.version: &amp;apos;15.0.1&amp;apos;
Driver info: driver.version: EdgeDriver
remote stacktrace: Backtrace:
	Microsoft::Applications::Events::EventProperties::SetName [0x00007FF6CFAC3202+11666]
	Microsoft::Applications::Events::EventProperty::to_string [0x00007FF6CF6F91D3+943811]
	Microsoft::Applications::Events::EventProperty::to_string [0x00007FF6CF72395D+1117773]
	Microsoft::Applications::Events::EventProperty::to_string [0x00007FF6CF72009D+1103245]
	Microsoft::Applications::Events::EventProperty::to_string [0x00007FF6CF719296+1075078]
	Microsoft::Applications::Events::EventProperty::to_string [0x00007FF6CF754420+1317136]
	Microsoft::Applications::Events::EventProperty::to_string [0x00007FF6CF74F61F+1297167]
	Microsoft::Applications::Events::EventProperty::to_string [0x00007FF6CF72577F+1125487]
	Microsoft::Applications::Events::EventProperty::to_string [0x00007FF6CF72688F+1129855]
	Microsoft::Applications::Events::EventProperty::~EventProperty [0x00007FF6CF7DE9CD+17933]
	Microsoft::Applications::Events::EventProperty::to_string [0x00007FF6CF78DB41+1552433]
	Microsoft::Applications::Events::EventProperty::EventProperty [0x00007FF6CF991729+2633]
	Microsoft::Applications::Events::EventProperty::to_string [0x00007FF6CF78EBC9+1556665]
	Microsoft::Applications::Events::EventProperties::SetName [0x00007FF6CFAC3AC8+13912]
	Microsoft::Applications::Events::EventProperties::SetName [0x00007FF6CFAC3534+12484]
	Microsoft::Applications::Events::EventProperties::SetName [0x00007FF6CFAC3386+12054]
	Microsoft::Applications::Events::EventProperty::EventProperty [0x00007FF6CFA6465C+73452]
	BaseThreadInitThunk [0x00007FFBEC5F7034+20]
	RtlUserThreadStart [0x00007FFBED202651+33]
">
      <![CDATA[org.openqa.selenium.SessionNotCreatedException: session not created: This version of MSEdgeDriver only supports MSEdge version 94
Current browser version is 96.0.1054.43 with binary path C:\Program Files (x86)\Microsoft\Edge\Application\msedge.exe
Build info: version: '3.141.59', revision: 'e82be7d358', time: '2018-11-14T08:17:03'
System info: host: 'DESKTOP-GOTDN6L', ip: '192.168.31.206', os.name: 'Windows 10', os.arch: 'amd64', os.version: '10.0', java.version: '15.0.1'
Driver info: driver.version: EdgeDriver
remote stacktrace: Backtrace:
Microsoft::Applications::Events::EventProperties::SetName [0x00007FF6CFAC3202+11666]
Microsoft::Applications::Events::EventProperty::to_string [0x00007FF6CF6F91D3+943811]
Microsoft::Applications::Events::EventProperty::to_string [0x00007FF6CF72395D+1117773]
Microsoft::Applications::Events::EventProperty::to_string [0x00007FF6CF72009D+1103245]
Microsoft::Applications::Events::EventProperty::to_string [0x00007FF6CF719296+1075078]
Microsoft::Applications::Events::EventProperty::to_string [0x00007FF6CF754420+1317136]
Microsoft::Applications::Events::EventProperty::to_string [0x00007FF6CF74F61F+1297167]
Microsoft::Applications::Events::EventProperty::to_string [0x00007FF6CF72577F+1125487]
Microsoft::Applications::Events::EventProperty::to_string [0x00007FF6CF72688F+1129855]
Microsoft::Applications::Events::EventProperty::~EventProperty [0x00007FF6CF7DE9CD+17933]
Microsoft::Applications::Events::EventProperty::to_string [0x00007FF6CF78DB41+1552433]
Microsoft::Applications::Events::EventProperty::EventProperty [0x00007FF6CF991729+2633]
Microsoft::Applications::Events::EventProperty::to_string [0x00007FF6CF78EBC9+1556665]
Microsoft::Applications::Events::EventProperties::SetName [0x00007FF6CFAC3AC8+13912]
Microsoft::Applications::Events::EventProperties::SetName [0x00007FF6CFAC3534+12484]
Microsoft::Applications::Events::EventProperties::SetName [0x00007FF6CFAC3386+12054]
Microsoft::Applications::Events::EventProperty::EventProperty [0x00007FF6CFA6465C+73452]
BaseThreadInitThunk [0x00007FFBEC5F7034+20]
RtlUserThreadStart [0x00007FFBED202651+33]

at org.openqa.selenium.remote.W3CHandshakeResponse.lambda$errorHandler$0(W3CHandshakeResponse.java:62)
at org.openqa.selenium.remote.HandshakeResponse.lambda$getResponseFunction$0(HandshakeResponse.java:30)
at org.openqa.selenium.remote.ProtocolHandshake.lambda$createSession$0(ProtocolHandshake.java:126)
at java.base/java.util.stream.ReferencePipeline$3$1.accept(ReferencePipeline.java:195)
at java.base/java.util.Spliterators$ArraySpliterator.tryAdvance(Spliterators.java:958)
at java.base/java.util.stream.ReferencePipeline.forEachWithCancel(ReferencePipeline.java:127)
at java.base/java.util.stream.AbstractPipeline.copyIntoWithCancel(AbstractPipeline.java:502)
at java.base/java.util.stream.AbstractPipeline.copyInto(AbstractPipeline.java:488)
at java.base/java.util.stream.AbstractPipeline.wrapAndCopyInto(AbstractPipeline.java:474)
at java.base/java.util.stream.FindOps$FindOp.evaluateSequential(FindOps.java:150)
at java.base/java.util.stream.AbstractPipeline.evaluate(AbstractPipeline.java:234)
at java.base/java.util.stream.ReferencePipeline.findFirst(ReferencePipeline.java:543)
at org.openqa.selenium.remote.ProtocolHandshake.createSession(ProtocolHandshake.java:128)
at org.openqa.selenium.remote.ProtocolHandshake.createSession(ProtocolHandshake.java:74)
at org.openqa.selenium.remote.HttpCommandExecutor.execute(HttpCommandExecutor.java:136)
at org.openqa.selenium.remote.service.DriverCommandExecutor.execute(DriverCommandExecutor.java:83)
at org.openqa.selenium.remote.RemoteWebDriver.execute(RemoteWebDriver.java:552)
at org.openqa.selenium.remote.RemoteWebDriver.startSession(RemoteWebDriver.java:213)
at org.openqa.selenium.remote.RemoteWebDriver.<init>(RemoteWebDriver.java:131)
at org.openqa.selenium.edge.EdgeDriver.<init>(EdgeDriver.java:141)
at org.openqa.selenium.edge.EdgeDriver.<init>(EdgeDriver.java:96)
at com.selenium.testng.BrowserCode.edgeBrowser(BrowserCode.java:44)
at java.base/java.util.ArrayList.forEach(ArrayList.java:1511)
at java.base/java.util.concurrent.FutureTask.run(FutureTask.java:264)
at java.base/java.util.concurrent.ThreadPoolExecutor.runWorker(ThreadPoolExecutor.java:1130)
at java.base/java.util.concurrent.ThreadPoolExecutor$Worker.run(ThreadPoolExecutor.java:630)
at java.base/java.lang.Thread.run(Thread.java:832)
... Removed 23 stack frames]]>
    </failure>
  </testcase> <!-- edgeBrowser -->
</testsuite> <!-- Tc 03-Browser code -->
