<?xml version="1.0" encoding="UTF-8"?>
<testng-results ignored="0" total="3" passed="3" failed="0" skipped="0">
  <reporter-output>
  </reporter-output>
  <suite started-at="2021-12-03T13:13:19 IST" name="Default suite" finished-at="2021-12-03T13:13:50 IST" duration-ms="31473">
    <groups>
    </groups>
    <test started-at="2021-12-03T13:13:19 IST" name="Default test" finished-at="2021-12-03T13:13:50 IST" duration-ms="31473">
      <class name="com.silenium.datadriven.FD_DataProvider">
        <test-method is-config="true" signature="beforeTest()[pri:0, instance:com.silenium.datadriven.FD_DataProvider@56cdfb3b]" started-at="2021-12-03T13:13:19 IST" name="beforeTest" finished-at="2021-12-03T13:13:24 IST" duration-ms="5622" status="PASS">
          <reporter-output>
          </reporter-output>
        </test-method> <!-- beforeTest -->
        <test-method signature="f(java.lang.String,java.lang.String,java.lang.String)[pri:0, instance:com.silenium.datadriven.FD_DataProvider@56cdfb3b]" started-at="2021-12-03T13:13:24 IST" name="f" data-provider="dp" finished-at="2021-12-03T13:13:35 IST" duration-ms="11135" status="PASS">
          <params>
            <param index="0">
              <value>
                <![CDATA[ 100000]]>
              </value>
            </param>
            <param index="1">
              <value>
                <![CDATA[7]]>
              </value>
            </param>
            <param index="2">
              <value>
                <![CDATA[4]]>
              </value>
            </param>
          </params>
          <reporter-output>
          </reporter-output>
        </test-method> <!-- f -->
        <test-method signature="f(java.lang.String,java.lang.String,java.lang.String)[pri:0, instance:com.silenium.datadriven.FD_DataProvider@56cdfb3b]" started-at="2021-12-03T13:13:35 IST" name="f" data-provider="dp" finished-at="2021-12-03T13:13:43 IST" duration-ms="7409" status="PASS">
          <params>
            <param index="0">
              <value>
                <![CDATA[200000]]>
              </value>
            </param>
            <param index="1">
              <value>
                <![CDATA[8]]>
              </value>
            </param>
            <param index="2">
              <value>
                <![CDATA[3]]>
              </value>
            </param>
          </params>
          <reporter-output>
          </reporter-output>
        </test-method> <!-- f -->
        <test-method signature="f(java.lang.String,java.lang.String,java.lang.String)[pri:0, instance:com.silenium.datadriven.FD_DataProvider@56cdfb3b]" started-at="2021-12-03T13:13:43 IST" name="f" data-provider="dp" finished-at="2021-12-03T13:13:50 IST" duration-ms="7238" status="PASS">
          <params>
            <param index="0">
              <value>
                <![CDATA[400000]]>
              </value>
            </param>
            <param index="1">
              <value>
                <![CDATA[6]]>
              </value>
            </param>
            <param index="2">
              <value>
                <![CDATA[1]]>
              </value>
            </param>
          </params>
          <reporter-output>
          </reporter-output>
        </test-method> <!-- f -->
        <test-method is-config="true" signature="afterTest()[pri:0, instance:com.silenium.datadriven.FD_DataProvider@56cdfb3b]" started-at="2021-12-03T13:13:50 IST" name="afterTest" finished-at="2021-12-03T13:13:50 IST" duration-ms="1" status="PASS">
          <reporter-output>
          </reporter-output>
        </test-method> <!-- afterTest -->
      </class> <!-- com.silenium.datadriven.FD_DataProvider -->
    </test> <!-- Default test -->
  </suite> <!-- Default suite -->
</testng-results>
